Line 35: Class glxpbuttonz.UserButtonz of control cmdOk was not a loaded control class.
Line 65: Class glxpbuttonz.UserButtonz of control cmdCancel was not a loaded control class.
Line 41: The property name _ExtentX in cmdOk is invalid.
Line 42: The property name _ExtentY in cmdOk is invalid.
Line 52: The property name Caption in cmdOk is invalid.
Line 53: The property name IconHighLiteColor in cmdOk is invalid.
Line 54: The property name CaptionHighLiteColor in cmdOk is invalid.
Line 55: The property name Style in cmdOk is invalid.
Line 56: The property name Checked in cmdOk is invalid.
Line 57: The property name ColorButtonHover in cmdOk is invalid.
Line 58: The property name ColorButtonUp in cmdOk is invalid.
Line 59: The property name ColorButtonDown in cmdOk is invalid.
Line 60: The property name BorderBrightness in cmdOk is invalid.
Line 61: The property name ColorBright in cmdOk is invalid.
Line 62: The property name DisplayHand in cmdOk is invalid.
Line 63: The property name ColorScheme in cmdOk is invalid.
Line 71: The property name _ExtentX in cmdCancel is invalid.
Line 72: The property name _ExtentY in cmdCancel is invalid.
Line 82: The property name Caption in cmdCancel is invalid.
Line 83: The property name IconHighLiteColor in cmdCancel is invalid.
Line 84: The property name CaptionHighLiteColor in cmdCancel is invalid.
Line 85: The property name Style in cmdCancel is invalid.
Line 86: The property name Checked in cmdCancel is invalid.
Line 87: The property name ColorButtonHover in cmdCancel is invalid.
Line 88: The property name ColorButtonUp in cmdCancel is invalid.
Line 89: The property name ColorButtonDown in cmdCancel is invalid.
Line 90: The property name BorderBrightness in cmdCancel is invalid.
Line 91: The property name ColorBright in cmdCancel is invalid.
Line 92: The property name DisplayHand in cmdCancel is invalid.
Line 93: The property name ColorScheme in cmdCancel is invalid.
