Line 14: Class glxpbuttonz.UserButtonz of control UserButtonz7 was not a loaded control class.
Line 46: Class glxpbuttonz.UserButtonz of control UserButtonz6 was not a loaded control class.
Line 78: Class glxpbuttonz.UserButtonz of control UserButtonz10 was not a loaded control class.
Line 110: Class glxpbuttonz.UserButtonz of control UserButtonz8 was not a loaded control class.
Line 142: Class glxpbuttonz.UserButtonz of control UserButtonz20 was not a loaded control class.
Line 174: Class glxpbuttonz.UserButtonz of control UserButtonz9 was not a loaded control class.
Line 206: Class glxpbuttonz.UserButtonz of control UserButtonz14 was not a loaded control class.
Line 238: Class glxpbuttonz.UserButtonz of control UserButtonz16 was not a loaded control class.
Line 332: Class glxpbuttonz.UserButtonz of control UserButtonz2 was not a loaded control class.
Line 366: Class glxpbuttonz.UserButtonz of control UserButtonz4 was not a loaded control class.
Line 398: Class glxpbuttonz.UserButtonz of control UserButtonz1 was not a loaded control class.
Line 430: Class glxpbuttonz.UserButtonz of control UserButtonz5 was not a loaded control class.
Line 22: The property name _ExtentX in UserButtonz7 is invalid.
Line 23: The property name _ExtentY in UserButtonz7 is invalid.
Line 33: The property name Caption in UserButtonz7 is invalid.
Line 34: The property name IconHighLiteColor in UserButtonz7 is invalid.
Line 35: The property name CaptionHighLiteColor in UserButtonz7 is invalid.
Line 36: The property name Style in UserButtonz7 is invalid.
Line 37: The property name Checked in UserButtonz7 is invalid.
Line 38: The property name ColorButtonHover in UserButtonz7 is invalid.
Line 39: The property name ColorButtonUp in UserButtonz7 is invalid.
Line 40: The property name ColorButtonDown in UserButtonz7 is invalid.
Line 41: The property name BorderBrightness in UserButtonz7 is invalid.
Line 42: The property name ColorBright in UserButtonz7 is invalid.
Line 43: The property name DisplayHand in UserButtonz7 is invalid.
Line 44: The property name ColorScheme in UserButtonz7 is invalid.
Line 54: The property name _ExtentX in UserButtonz6 is invalid.
Line 55: The property name _ExtentY in UserButtonz6 is invalid.
Line 65: The property name Caption in UserButtonz6 is invalid.
Line 66: The property name IconHighLiteColor in UserButtonz6 is invalid.
Line 67: The property name CaptionHighLiteColor in UserButtonz6 is invalid.
Line 68: The property name Style in UserButtonz6 is invalid.
Line 69: The property name Checked in UserButtonz6 is invalid.
Line 70: The property name ColorButtonHover in UserButtonz6 is invalid.
Line 71: The property name ColorButtonUp in UserButtonz6 is invalid.
Line 72: The property name ColorButtonDown in UserButtonz6 is invalid.
Line 73: The property name BorderBrightness in UserButtonz6 is invalid.
Line 74: The property name ColorBright in UserButtonz6 is invalid.
Line 75: The property name DisplayHand in UserButtonz6 is invalid.
Line 76: The property name ColorScheme in UserButtonz6 is invalid.
Line 86: The property name _ExtentX in UserButtonz10 is invalid.
Line 87: The property name _ExtentY in UserButtonz10 is invalid.
Line 97: The property name Caption in UserButtonz10 is invalid.
Line 98: The property name IconHighLiteColor in UserButtonz10 is invalid.
Line 99: The property name CaptionHighLiteColor in UserButtonz10 is invalid.
Line 100: The property name Style in UserButtonz10 is invalid.
Line 101: The property name Checked in UserButtonz10 is invalid.
Line 102: The property name ColorButtonHover in UserButtonz10 is invalid.
Line 103: The property name ColorButtonUp in UserButtonz10 is invalid.
Line 104: The property name ColorButtonDown in UserButtonz10 is invalid.
Line 105: The property name BorderBrightness in UserButtonz10 is invalid.
Line 106: The property name ColorBright in UserButtonz10 is invalid.
Line 107: The property name DisplayHand in UserButtonz10 is invalid.
Line 108: The property name ColorScheme in UserButtonz10 is invalid.
Line 118: The property name _ExtentX in UserButtonz8 is invalid.
Line 119: The property name _ExtentY in UserButtonz8 is invalid.
Line 129: The property name Caption in UserButtonz8 is invalid.
Line 130: The property name IconHighLiteColor in UserButtonz8 is invalid.
Line 131: The property name CaptionHighLiteColor in UserButtonz8 is invalid.
Line 132: The property name Style in UserButtonz8 is invalid.
Line 133: The property name Checked in UserButtonz8 is invalid.
Line 134: The property name ColorButtonHover in UserButtonz8 is invalid.
Line 135: The property name ColorButtonUp in UserButtonz8 is invalid.
Line 136: The property name ColorButtonDown in UserButtonz8 is invalid.
Line 137: The property name BorderBrightness in UserButtonz8 is invalid.
Line 138: The property name ColorBright in UserButtonz8 is invalid.
Line 139: The property name DisplayHand in UserButtonz8 is invalid.
Line 140: The property name ColorScheme in UserButtonz8 is invalid.
Line 150: The property name _ExtentX in UserButtonz20 is invalid.
Line 151: The property name _ExtentY in UserButtonz20 is invalid.
Line 161: The property name Caption in UserButtonz20 is invalid.
Line 162: The property name IconHighLiteColor in UserButtonz20 is invalid.
Line 163: The property name CaptionHighLiteColor in UserButtonz20 is invalid.
Line 164: The property name Style in UserButtonz20 is invalid.
Line 165: The property name Checked in UserButtonz20 is invalid.
Line 166: The property name ColorButtonHover in UserButtonz20 is invalid.
Line 167: The property name ColorButtonUp in UserButtonz20 is invalid.
Line 168: The property name ColorButtonDown in UserButtonz20 is invalid.
Line 169: The property name BorderBrightness in UserButtonz20 is invalid.
Line 170: The property name ColorBright in UserButtonz20 is invalid.
Line 171: The property name DisplayHand in UserButtonz20 is invalid.
Line 172: The property name ColorScheme in UserButtonz20 is invalid.
Line 182: The property name _ExtentX in UserButtonz9 is invalid.
Line 183: The property name _ExtentY in UserButtonz9 is invalid.
Line 193: The property name Caption in UserButtonz9 is invalid.
Line 194: The property name IconHighLiteColor in UserButtonz9 is invalid.
Line 195: The property name CaptionHighLiteColor in UserButtonz9 is invalid.
Line 196: The property name Style in UserButtonz9 is invalid.
Line 197: The property name Checked in UserButtonz9 is invalid.
Line 198: The property name ColorButtonHover in UserButtonz9 is invalid.
Line 199: The property name ColorButtonUp in UserButtonz9 is invalid.
Line 200: The property name ColorButtonDown in UserButtonz9 is invalid.
Line 201: The property name BorderBrightness in UserButtonz9 is invalid.
Line 202: The property name ColorBright in UserButtonz9 is invalid.
Line 203: The property name DisplayHand in UserButtonz9 is invalid.
Line 204: The property name ColorScheme in UserButtonz9 is invalid.
Line 214: The property name _ExtentX in UserButtonz14 is invalid.
Line 215: The property name _ExtentY in UserButtonz14 is invalid.
Line 225: The property name Caption in UserButtonz14 is invalid.
Line 226: The property name IconHighLiteColor in UserButtonz14 is invalid.
Line 227: The property name CaptionHighLiteColor in UserButtonz14 is invalid.
Line 228: The property name Style in UserButtonz14 is invalid.
Line 229: The property name Checked in UserButtonz14 is invalid.
Line 230: The property name ColorButtonHover in UserButtonz14 is invalid.
Line 231: The property name ColorButtonUp in UserButtonz14 is invalid.
Line 232: The property name ColorButtonDown in UserButtonz14 is invalid.
Line 233: The property name BorderBrightness in UserButtonz14 is invalid.
Line 234: The property name ColorBright in UserButtonz14 is invalid.
Line 235: The property name DisplayHand in UserButtonz14 is invalid.
Line 236: The property name ColorScheme in UserButtonz14 is invalid.
Line 246: The property name _ExtentX in UserButtonz16 is invalid.
Line 247: The property name _ExtentY in UserButtonz16 is invalid.
Line 257: The property name Caption in UserButtonz16 is invalid.
Line 258: The property name IconHighLiteColor in UserButtonz16 is invalid.
Line 259: The property name CaptionHighLiteColor in UserButtonz16 is invalid.
Line 260: The property name Style in UserButtonz16 is invalid.
Line 261: The property name Checked in UserButtonz16 is invalid.
Line 262: The property name ColorButtonHover in UserButtonz16 is invalid.
Line 263: The property name ColorButtonUp in UserButtonz16 is invalid.
Line 264: The property name ColorButtonDown in UserButtonz16 is invalid.
Line 265: The property name BorderBrightness in UserButtonz16 is invalid.
Line 266: The property name ColorBright in UserButtonz16 is invalid.
Line 267: The property name DisplayHand in UserButtonz16 is invalid.
Line 268: The property name ColorScheme in UserButtonz16 is invalid.
Line 340: The property name _ExtentX in UserButtonz2 is invalid.
Line 341: The property name _ExtentY in UserButtonz2 is invalid.
Line 351: The property name Caption in UserButtonz2 is invalid.
Line 352: The property name IconHighLite in UserButtonz2 is invalid.
Line 353: The property name IconHighLiteColor in UserButtonz2 is invalid.
Line 354: The property name CaptionHighLiteColor in UserButtonz2 is invalid.
Line 356: The property name Style in UserButtonz2 is invalid.
Line 357: The property name Checked in UserButtonz2 is invalid.
Line 358: The property name ColorButtonHover in UserButtonz2 is invalid.
Line 359: The property name ColorButtonUp in UserButtonz2 is invalid.
Line 360: The property name ColorButtonDown in UserButtonz2 is invalid.
Line 361: The property name BorderBrightness in UserButtonz2 is invalid.
Line 362: The property name ColorBright in UserButtonz2 is invalid.
Line 363: The property name DisplayHand in UserButtonz2 is invalid.
Line 364: The property name ColorScheme in UserButtonz2 is invalid.
Line 332: Property Picture in UserButtonz2 could not be set.
Line 372: The property name _ExtentX in UserButtonz4 is invalid.
Line 373: The property name _ExtentY in UserButtonz4 is invalid.
Line 383: The property name Caption in UserButtonz4 is invalid.
Line 384: The property name IconHighLite in UserButtonz4 is invalid.
Line 385: The property name IconHighLiteColor in UserButtonz4 is invalid.
Line 386: The property name CaptionHighLiteColor in UserButtonz4 is invalid.
Line 388: The property name Style in UserButtonz4 is invalid.
Line 389: The property name Checked in UserButtonz4 is invalid.
Line 390: The property name ColorButtonHover in UserButtonz4 is invalid.
Line 391: The property name ColorButtonUp in UserButtonz4 is invalid.
Line 392: The property name ColorButtonDown in UserButtonz4 is invalid.
Line 393: The property name BorderBrightness in UserButtonz4 is invalid.
Line 394: The property name ColorBright in UserButtonz4 is invalid.
Line 395: The property name DisplayHand in UserButtonz4 is invalid.
Line 396: The property name ColorScheme in UserButtonz4 is invalid.
Line 366: Property Picture in UserButtonz4 could not be set.
Line 404: The property name _ExtentX in UserButtonz1 is invalid.
Line 405: The property name _ExtentY in UserButtonz1 is invalid.
Line 415: The property name Caption in UserButtonz1 is invalid.
Line 416: The property name IconHighLite in UserButtonz1 is invalid.
Line 417: The property name IconHighLiteColor in UserButtonz1 is invalid.
Line 418: The property name CaptionHighLiteColor in UserButtonz1 is invalid.
Line 420: The property name Style in UserButtonz1 is invalid.
Line 421: The property name Checked in UserButtonz1 is invalid.
Line 422: The property name ColorButtonHover in UserButtonz1 is invalid.
Line 423: The property name ColorButtonUp in UserButtonz1 is invalid.
Line 424: The property name ColorButtonDown in UserButtonz1 is invalid.
Line 425: The property name BorderBrightness in UserButtonz1 is invalid.
Line 426: The property name ColorBright in UserButtonz1 is invalid.
Line 427: The property name DisplayHand in UserButtonz1 is invalid.
Line 428: The property name ColorScheme in UserButtonz1 is invalid.
Line 398: Property Picture in UserButtonz1 could not be set.
Line 436: The property name _ExtentX in UserButtonz5 is invalid.
Line 437: The property name _ExtentY in UserButtonz5 is invalid.
Line 447: The property name Caption in UserButtonz5 is invalid.
Line 448: The property name IconHighLite in UserButtonz5 is invalid.
Line 449: The property name IconHighLiteColor in UserButtonz5 is invalid.
Line 450: The property name CaptionHighLiteColor in UserButtonz5 is invalid.
Line 452: The property name Style in UserButtonz5 is invalid.
Line 453: The property name Checked in UserButtonz5 is invalid.
Line 454: The property name ColorButtonHover in UserButtonz5 is invalid.
Line 455: The property name ColorButtonUp in UserButtonz5 is invalid.
Line 456: The property name ColorButtonDown in UserButtonz5 is invalid.
Line 457: The property name BorderBrightness in UserButtonz5 is invalid.
Line 458: The property name ColorBright in UserButtonz5 is invalid.
Line 459: The property name DisplayHand in UserButtonz5 is invalid.
Line 460: The property name ColorScheme in UserButtonz5 is invalid.
Line 430: Property Picture in UserButtonz5 could not be set.
